{"total": {"lines":{"total":2325,"covered":1720,"skipped":0,"pct":73.97},"statements":{"total":2325,"covered":1720,"skipped":0,"pct":73.97},"functions":{"total":105,"covered":65,"skipped":0,"pct":61.9},"branches":{"total":394,"covered":263,"skipped":0,"pct":66.75},"branchesTrue":{"total":0,"covered":0,"skipped":0,"pct":100}}
,"/Users/cliff/Desktop/_code/ai_suite/airborne/.omx/team/execute-the-approved-06230481/worktrees/worker-2/dashboard/src/app/page.tsx": {"lines":{"total":60,"covered":55,"skipped":0,"pct":91.66},"functions":{"total":3,"covered":1,"skipped":0,"pct":33.33},"statements":{"total":60,"covered":55,"skipped":0,"pct":91.66},"branches":{"total":7,"covered":4,"skipped":0,"pct":57.14}}
,"/Users/cliff/Desktop/_code/ai_suite/airborne/.omx/team/execute-the-approved-06230481/worktrees/worker-2/dashboard/src/app/api/activity/route.ts": {"lines":{"total":44,"covered":44,"skipped":0,"pct":100},"functions":{"total":1,"covered":1,"skipped":0,"pct":100},"statements":{"total":44,"covered":44,"skipped":0,"pct":100},"branches":{"total":12,"covered":10,"skipped":0,"pct":83.33}}
,"/Users/cliff/Desktop/_code/ai_suite/airborne/.omx/team/execute-the-approved-06230481/worktrees/worker-2/dashboard/src/app/api/chat/route.ts": {"lines":{"total":131,"covered":92,"skipped":0,"pct":70.22},"functions":{"total":2,"covered":2,"skipped":0,"pct":100},"statements":{"total":131,"covered":92,"skipped":0,"pct":70.22},"branches":{"total":26,"covered":17,"skipped":0,"pct":65.38}}
,"/Users/cliff/Desktop/_code/ai_suite/airborne/.omx/team/execute-the-approved-06230481/worktrees/worker-2/dashboard/src/app/api/debug/[id]/route.ts": {"lines":{"total":39,"covered":25,"skipped":0,"pct":64.1},"functions":{"total":1,"covered":1,"skipped":0,"pct":100},"statements":{"total":39,"covered":25,"skipped":0,"pct":64.1},"branches":{"total":6,"covered":2,"skipped":0,"pct":33.33}}
,"/Users/cliff/Desktop/_code/ai_suite/airborne/.omx/team/execute-the-approved-06230481/worktrees/worker-2/dashboard/src/app/api/test/route.ts": {"lines":{"total":41,"covered":35,"skipped":0,"pct":85.36},"functions":{"total":1,"covered":1,"skipped":0,"pct":100},"statements":{"total":41,"covered":35,"skipped":0,"pct":85.36},"branches":{"total":9,"covered":6,"skipped":0,"pct":66.66}}
,"/Users/cliff/Desktop/_code/ai_suite/airborne/.omx/team/execute-the-approved-06230481/worktrees/worker-2/dashboard/src/app/api/threads/[threadId]/route.ts": {"lines":{"total":39,"covered":30,"skipped":0,"pct":76.92},"functions":{"total":1,"covered":1,"skipped":0,"pct":100},"statements":{"total":39,"covered":30,"skipped":0,"pct":76.92},"branches":{"total":9,"covered":3,"skipped":0,"pct":33.33}}
,"/Users/cliff/Desktop/_code/ai_suite/airborne/.omx/team/execute-the-approved-06230481/worktrees/worker-2/dashboard/src/app/api/upload/route.ts": {"lines":{"total":65,"covered":41,"skipped":0,"pct":63.07},"functions":{"total":1,"covered":1,"skipped":0,"pct":100},"statements":{"total":65,"covered":41,"skipped":0,"pct":63.07},"branches":{"total":14,"covered":8,"skipped":0,"pct":57.14}}
,"/Users/cliff/Desktop/_code/ai_suite/airborne/.omx/team/execute-the-approved-06230481/worktrees/worker-2/dashboard/src/components/ActivityPanel.tsx": {"lines":{"total":173,"covered":160,"skipped":0,"pct":92.48},"functions":{"total":6,"covered":6,"skipped":0,"pct":100},"statements":{"total":173,"covered":160,"skipped":0,"pct":92.48},"branches":{"total":35,"covered":20,"skipped":0,"pct":57.14}}
,"/Users/cliff/Desktop/_code/ai_suite/airborne/.omx/team/execute-the-approved-06230481/worktrees/worker-2/dashboard/src/components/ConversationPanel.tsx": {"lines":{"total":1018,"covered":650,"skipped":0,"pct":63.85},"functions":{"total":53,"covered":20,"skipped":0,"pct":37.73},"statements":{"total":1018,"covered":650,"skipped":0,"pct":63.85},"branches":{"total":140,"covered":89,"skipped":0,"pct":63.57}}
,"/Users/cliff/Desktop/_code/ai_suite/airborne/.omx/team/execute-the-approved-06230481/worktrees/worker-2/dashboard/src/components/DebugModal.tsx": {"lines":{"total":375,"covered":266,"skipped":0,"pct":70.93},"functions":{"total":13,"covered":9,"skipped":0,"pct":69.23},"statements":{"total":375,"covered":266,"skipped":0,"pct":70.93},"branches":{"total":51,"covered":30,"skipped":0,"pct":58.82}}
,"/Users/cliff/Desktop/_code/ai_suite/airborne/.omx/team/execute-the-approved-06230481/worktrees/worker-2/dashboard/src/components/TenantSelector.tsx": {"lines":{"total":40,"covered":40,"skipped":0,"pct":100},"functions":{"total":5,"covered":4,"skipped":0,"pct":80},"statements":{"total":40,"covered":40,"skipped":0,"pct":100},"branches":{"total":8,"covered":8,"skipped":0,"pct":100}}
,"/Users/cliff/Desktop/_code/ai_suite/airborne/.omx/team/execute-the-approved-06230481/worktrees/worker-2/dashboard/src/components/TestPanel.tsx": {"lines":{"total":145,"covered":145,"skipped":0,"pct":100},"functions":{"total":5,"covered":5,"skipped":0,"pct":100},"statements":{"total":145,"covered":145,"skipped":0,"pct":100},"branches":{"total":22,"covered":20,"skipped":0,"pct":90.9}}
,"/Users/cliff/Desktop/_code/ai_suite/airborne/.omx/team/execute-the-approved-06230481/worktrees/worker-2/dashboard/src/context/TenantContext.tsx": {"lines":{"total":38,"covered":36,"skipped":0,"pct":94.73},"functions":{"total":3,"covered":3,"skipped":0,"pct":100},"statements":{"total":38,"covered":36,"skipped":0,"pct":94.73},"branches":{"total":8,"covered":6,"skipped":0,"pct":75}}
,"/Users/cliff/Desktop/_code/ai_suite/airborne/.omx/team/execute-the-approved-06230481/worktrees/worker-2/dashboard/src/lib/adminAuth.ts": {"lines":{"total":97,"covered":81,"skipped":0,"pct":83.5},"functions":{"total":8,"covered":8,"skipped":0,"pct":100},"statements":{"total":97,"covered":81,"skipped":0,"pct":83.5},"branches":{"total":38,"covered":32,"skipped":0,"pct":84.21}}
,"/Users/cliff/Desktop/_code/ai_suite/airborne/.omx/team/execute-the-approved-06230481/worktrees/worker-2/dashboard/src/lib/safeUrl.ts": {"lines":{"total":20,"covered":20,"skipped":0,"pct":100},"functions":{"total":2,"covered":2,"skipped":0,"pct":100},"statements":{"total":20,"covered":20,"skipped":0,"pct":100},"branches":{"total":9,"covered":8,"skipped":0,"pct":88.88}}
}
